# JRE version: Java(TM) SE Runtime Environment (8.0_301-b09) (build 1.8.0_301-b09)
# Java VM: Java HotSpot(TM) 64-Bit Server VM (25.301-b09 mixed mode windows-amd64 compressed oops)
Heap:
 PSYoungGen      total 97792K, used 67133K [0x00000000ece00000, 0x00000000f3700000, 0x0000000100000000)
  eden space 89600K, 66% used [0x00000000ece00000,0x00000000f0839d68,0x00000000f2580000)
  from space 8192K, 91% used [0x00000000f2e00000,0x00000000f3555898,0x00000000f3600000)
  to   space 8704K, 0% used [0x00000000f2580000,0x00000000f2580000,0x00000000f2e00000)
 ParOldGen       total 29184K, used 8522K [0x00000000c6a00000, 0x00000000c8680000, 0x00000000ece00000)
  object space 29184K, 29% used [0x00000000c6a00000,0x00000000c7252a10,0x00000000c8680000)
 Metaspace       used 29103K, capacity 31252K, committed 31616K, reserved 1077248K
  class space    used 3750K, capacity 4114K, committed 4224K, reserved 1048576K
GC Heap History (10 events):
Event: 25.152 GC heap before
{Heap before GC invocations=7 (full 0):
 PSYoungGen      total 65536K, used 65505K [0x00000000ece00000, 0x00000000f1800000, 0x0000000100000000)
  eden space 59904K, 100% used [0x00000000ece00000,0x00000000f0880000,0x00000000f0880000)
  from space 5632K, 99% used [0x00000000f0f80000,0x00000000f14f8448,0x00000000f1500000)
  to   space 7168K, 0% used [0x00000000f0880000,0x00000000f0880000,0x00000000f0f80000)
 ParOldGen       total 39936K, used 7021K [0x00000000c6a00000, 0x00000000c9100000, 0x00000000ece00000)
  object space 39936K, 17% used [0x00000000c6a00000,0x00000000c70db768,0x00000000c9100000)
 Metaspace       used 19697K, capacity 20614K, committed 20864K, reserved 1067008K
  class space    used 2462K, capacity 2672K, committed 2688K, reserved 1048576K
Event: 25.195 GC heap after
Heap after GC invocations=7 (full 0):
 PSYoungGen      total 67072K, used 5072K [0x00000000ece00000, 0x00000000f1800000, 0x0000000100000000)
  eden space 59904K, 0% used [0x00000000ece00000,0x00000000ece00000,0x00000000f0880000)
  from space 7168K, 70% used [0x00000000f0880000,0x00000000f0d740b8,0x00000000f0f80000)
  to   space 5632K, 0% used [0x00000000f0f80000,0x00000000f0f80000,0x00000000f1500000)
 ParOldGen       total 39936K, used 8077K [0x00000000c6a00000, 0x00000000c9100000, 0x00000000ece00000)
  object space 39936K, 20% used [0x00000000c6a00000,0x00000000c71e34d0,0x00000000c9100000)
 Metaspace       used 19697K, capacity 20614K, committed 20864K, reserved 1067008K
  class space    used 2462K, capacity 2672K, committed 2688K, reserved 1048576K
}
Event: 26.628 GC heap before
{Heap before GC invocations=8 (full 0):
 PSYoungGen      total 67072K, used 12719K [0x00000000ece00000, 0x00000000f1800000, 0x0000000100000000)
  eden space 59904K, 12% used [0x00000000ece00000,0x00000000ed577e80,0x00000000f0880000)
  from space 7168K, 70% used [0x00000000f0880000,0x00000000f0d740b8,0x00000000f0f80000)
  to   space 5632K, 0% used [0x00000000f0f80000,0x00000000f0f80000,0x00000000f1500000)
 ParOldGen       total 39936K, used 8077K [0x00000000c6a00000, 0x00000000c9100000, 0x00000000ece00000)
  object space 39936K, 20% used [0x00000000c6a00000,0x00000000c71e34d0,0x00000000c9100000)
 Metaspace       used 20208K, capacity 21158K, committed 21248K, reserved 1067008K
  class space    used 2531K, capacity 2760K, committed 2816K, reserved 1048576K
Event: 26.674 GC heap after
Heap after GC invocations=8 (full 0):
 PSYoungGen      total 65536K, used 3742K [0x00000000ece00000, 0x00000000f1800000, 0x0000000100000000)
  eden space 59904K, 0% used [0x00000000ece00000,0x00000000ece00000,0x00000000f0880000)
  from space 5632K, 66% used [0x00000000f0f80000,0x00000000f1327950,0x00000000f1500000)
  to   space 7168K, 0% used [0x00000000f0880000,0x00000000f0880000,0x00000000f0f80000)
 ParOldGen       total 39936K, used 8262K [0x00000000c6a00000, 0x00000000c9100000, 0x00000000ece00000)
  object space 39936K, 20% used [0x00000000c6a00000,0x00000000c72118f0,0x00000000c9100000)
 Metaspace       used 20208K, capacity 21158K, committed 21248K, reserved 1067008K
  class space    used 2531K, capacity 2760K, committed 2816K, reserved 1048576K
}
Event: 26.674 GC heap before
{Heap before GC invocations=9 (full 1):
 PSYoungGen      total 65536K, used 3742K [0x00000000ece00000, 0x00000000f1800000, 0x0000000100000000)
  eden space 59904K, 0% used [0x00000000ece00000,0x00000000ece00000,0x00000000f0880000)
  from space 5632K, 66% used [0x00000000f0f80000,0x00000000f1327950,0x00000000f1500000)
  to   space 7168K, 0% used [0x00000000f0880000,0x00000000f0880000,0x00000000f0f80000)
 ParOldGen       total 39936K, used 8262K [0x00000000c6a00000, 0x00000000c9100000, 0x00000000ece00000)
  object space 39936K, 20% used [0x00000000c6a00000,0x00000000c72118f0,0x00000000c9100000)
 Metaspace       used 20208K, capacity 21158K, committed 21248K, reserved 1067008K
  class space    used 2531K, capacity 2760K, committed 2816K, reserved 1048576K
Event: 26.819 GC heap after
Heap after GC invocations=9 (full 1):
 PSYoungGen      total 65536K, used 0K [0x00000000ece00000, 0x00000000f1800000, 0x0000000100000000)
  eden space 59904K, 0% used [0x00000000ece00000,0x00000000ece00000,0x00000000f0880000)
  from space 5632K, 0% used [0x00000000f0f80000,0x00000000f0f80000,0x00000000f1500000)
  to   space 7168K, 0% used [0x00000000f0880000,0x00000000f0880000,0x00000000f0f80000)
 ParOldGen       total 29184K, used 8498K [0x00000000c6a00000, 0x00000000c8680000, 0x00000000ece00000)
  object space 29184K, 29% used [0x00000000c6a00000,0x00000000c724ca10,0x00000000c8680000)
 Metaspace       used 20208K, capacity 21158K, committed 21248K, reserved 1067008K
  class space    used 2531K, capacity 2760K, committed 2816K, reserved 1048576K
}
Event: 41.454 GC heap before
{Heap before GC invocations=10 (full 1):
 PSYoungGen      total 65536K, used 59904K [0x00000000ece00000, 0x00000000f1800000, 0x0000000100000000)
  eden space 59904K, 100% used [0x00000000ece00000,0x00000000f0880000,0x00000000f0880000)
  from space 5632K, 0% used [0x00000000f0f80000,0x00000000f0f80000,0x00000000f1500000)
  to   space 7168K, 0% used [0x00000000f0880000,0x00000000f0880000,0x00000000f0f80000)
 ParOldGen       total 29184K, used 8498K [0x00000000c6a00000, 0x00000000c8680000, 0x00000000ece00000)
  object space 29184K, 29% used [0x00000000c6a00000,0x00000000c724ca10,0x00000000c8680000)
 Metaspace       used 24498K, capacity 25984K, committed 26240K, reserved 1073152K
  class space    used 3132K, capacity 3432K, committed 3456K, reserved 1048576K
Event: 41.481 GC heap after
Heap after GC invocations=10 (full 1):
 PSYoungGen      total 67072K, used 7139K [0x00000000ece00000, 0x00000000f3600000, 0x0000000100000000)
  eden space 59904K, 0% used [0x00000000ece00000,0x00000000ece00000,0x00000000f0880000)
  from space 7168K, 99% used [0x00000000f0880000,0x00000000f0f78c50,0x00000000f0f80000)
  to   space 8192K, 0% used [0x00000000f2e00000,0x00000000f2e00000,0x00000000f3600000)
 ParOldGen       total 29184K, used 8514K [0x00000000c6a00000, 0x00000000c8680000, 0x00000000ece00000)
  object space 29184K, 29% used [0x00000000c6a00000,0x00000000c7250a10,0x00000000c8680000)
 Metaspace       used 24498K, capacity 25984K, committed 26240K, reserved 1073152K
  class space    used 3132K, capacity 3432K, committed 3456K, reserved 1048576K
}
Event: 60.178 GC heap before
{Heap before GC invocations=11 (full 1):
 PSYoungGen      total 67072K, used 67020K [0x00000000ece00000, 0x00000000f3600000, 0x0000000100000000)
  eden space 59904K, 99% used [0x00000000ece00000,0x00000000f087a510,0x00000000f0880000)
  from space 7168K, 99% used [0x00000000f0880000,0x00000000f0f78c50,0x00000000f0f80000)
  to   space 8192K, 0% used [0x00000000f2e00000,0x00000000f2e00000,0x00000000f3600000)
 ParOldGen       total 29184K, used 8514K [0x00000000c6a00000, 0x00000000c8680000, 0x00000000ece00000)
  object space 29184K, 29% used [0x00000000c6a00000,0x00000000c7250a10,0x00000000c8680000)
 Metaspace       used 28492K, capacity 30584K, committed 30720K, reserved 1075200K
  class space    used 3688K, capacity 4044K, committed 4096K, reserved 1048576K
Event: 60.669 GC heap after
Heap after GC invocations=11 (full 1):
 PSYoungGen      total 97792K, used 7510K [0x00000000ece00000, 0x00000000f3700000, 0x0000000100000000)
  eden space 89600K, 0% used [0x00000000ece00000,0x00000000ece00000,0x00000000f2580000)
  from space 8192K, 91% used [0x00000000f2e00000,0x00000000f3555898,0x00000000f3600000)
  to   space 8704K, 0% used [0x00000000f2580000,0x00000000f2580000,0x00000000f2e00000)
 ParOldGen       total 29184K, used 8522K [0x00000000c6a00000, 0x00000000c8680000, 0x00000000ece00000)
  object space 29184K, 29% used [0x00000000c6a00000,0x00000000c7252a10,0x00000000c8680000)
 Metaspace       used 28492K, capacity 30584K, committed 30720K, reserved 1075200K
  class space    used 3688K, capacity 4044K, committed 4096K, reserved 1048576K
}

